<?xml version="1.0" encoding="UTF-8"?>
<!-- Generated by org.testng.reporters.JUnitXMLReporter -->
<testsuite hostname="DESKTOP-QNHJ5Q7" ignored="4" name="Command line test" tests="3" failures="0" timestamp="2022-12-01T02:08:35 PST" time="7.109" errors="0">
  <testcase name="@BeforeTest launchApp" time="-1.669889315484E9" classname="noncom_crossbrowser.BaseTest">
    <failure type="org.testng.TestNGException" message="
Parameter &amp;apos;ibm_br&amp;apos; is required by BeforeTest on method launchApp but has not been marked @Optional or defined
">
      <![CDATA[org.testng.TestNGException: 
Parameter 'ibm_br' is required by BeforeTest on method launchApp but has not been marked @Optional or defined

... Removed 31 stack frames]]>
    </failure>
  </testcase> <!-- @BeforeTest launchApp -->
  <testcase name="@AfterTest closeApp" time="-1.669889315546E9" classname="controlExample.BaseTest">
    <skipped/>
  </testcase> <!-- @AfterTest closeApp -->
  <testcase name="@AfterTest closeApp" time="-1.669889315546E9" classname="locatorExample.BaseTest">
    <skipped/>
  </testcase> <!-- @AfterTest closeApp -->
  <testcase name="@AfterTest closeApp" time="-1.669889315546E9" classname="noncom_crossbrowser.BaseTest">
    <skipped/>
  </testcase> <!-- @AfterTest closeApp -->
  <testcase name="verifyLogin" time="0.0" classname="locatorExample.HRMLoginTest">
    <skipped/>
  </testcase> <!-- verifyLogin -->
  <testcase name="verifyLogin" time="0.0" classname="noncom_crossbrowser.LoginTest">
    <skipped/>
  </testcase> <!-- verifyLogin -->
  <testcase name="verifyLogin" time="0.0" classname="locatorExample.loginTest">
    <skipped/>
  </testcase> <!-- verifyLogin -->
  <testcase name="@AfterTest closeApp" time="0.0" classname="locatorExample.BaseTest">
    <ignored/>
  </testcase> <!-- @AfterTest closeApp -->
  <testcase name="@BeforeTest launchApp" time="0.0" classname="locatorExample.BaseTest">
    <ignored/>
  </testcase> <!-- @BeforeTest launchApp -->
  <testcase name="@BeforeTest launchApp" time="0.0" classname="noncom_crossbrowser.BaseTest">
    <ignored/>
  </testcase> <!-- @BeforeTest launchApp -->
  <testcase name="@AfterTest closeApp" time="0.0" classname="noncom_crossbrowser.BaseTest">
    <ignored/>
  </testcase> <!-- @AfterTest closeApp -->
</testsuite> <!-- Command line test -->
